<?xml version="1.0" encoding="UTF-8"?>
<!-- Generated by org.testng.reporters.JUnitXMLReporter -->
<testsuite hostname="DESKTOP-LC10JK3" ignored="0" name="Surefire test" tests="6" failures="0" timestamp="12 Feb 2019 00:35:30 GMT" time="287.464" errors="0">
  <testcase name="feature" time="45.964" classname="cucumber.api.testng.AbstractTestNGCucumberTests"/>
  <testcase name="feature" time="42.812" classname="cucumber.api.testng.AbstractTestNGCucumberTests"/>
  <testcase name="feature" time="50.202" classname="cucumber.api.testng.AbstractTestNGCucumberTests"/>
  <testcase name="feature" time="111.109" classname="cucumber.api.testng.AbstractTestNGCucumberTests"/>
  <testcase name="feature" time="31.142" classname="cucumber.api.testng.AbstractTestNGCucumberTests"/>
  <testcase name="feature" time="5.728" classname="cucumber.api.testng.AbstractTestNGCucumberTests"/>
</testsuite> <!-- Surefire test -->
