<?xml version="1.0" encoding="UTF-8"?>
<testsuite xmlns:xsi="http://www.w3.org/2001/XMLSchema-instance" xsi:noNamespaceSchemaLocation="https://maven.apache.org/surefire/maven-surefire-plugin/xsd/surefire-test-report-3.0.xsd" version="3.0" name="Runner.TestRunner" time="288.14" tests="6" errors="0" skipped="0" failures="0">
  <properties>
[...]
</properties>
  <testcase name="feature" classname="Runner.TestRunner" time="45.966"/>
  <testcase name="feature" classname="Runner.TestRunner" time="42.811"/>
  <testcase name="feature" classname="Runner.TestRunner" time="50.201"/>
  <testcase name="feature" classname="Runner.TestRunner" time="111.109"/>
  <testcase name="feature" classname="Runner.TestRunner" time="31.142"/>
  <testcase name="feature" classname="Runner.TestRunner" time="5.728"/>
</testsuite>